<?xml version="1.0" encoding="UTF-8"?>
<!-- Generated by org.testng.reporters.JUnitReportReporter -->
<testsuite hostname="DESKTOP-MJ9MOU3" failures="0" tests="1" name="Pac2.OrgTest" time="0.012" errors="0" timestamp="2025-02-21T12:31:41 IST" skipped="0">
  <testcase classname="Pac2.OrgTest" name="modifyOrgTest" time="0.012"/>
</testsuite> <!-- Pac2.OrgTest -->
